============================================================================
BASIS_NAME                           CONT
CONTRACTION_SIZE                     10
============================================================================
INPUT_FILE                           z1_k<k>_l<l>.dat
OUTPUT_FILE                          fit_z1_k<k>.dat
OUTPUT_PATH                          ./output2
INPUT_PATH                           ./input2
============================================================================
K_PRECISION                          3
K_DIRECTION                          0 0 1
MAX_L                                6
============================================================================


 Reading following files:
 z1_k0.010_l0.dat
 z1_k0.010_l1.dat
 z1_k0.010_l2.dat
 z1_k0.010_l3.dat
 z1_k0.010_l4.dat
 z1_k0.010_l5.dat
 z1_k0.010_l6.dat




======================================    STARTING EVOLUTIONARY ROUTINE     ======================================

-- ECF, version 1.4.2 --
Parsing configuration file: parameters.txt
Unknown node: <xmlattr>
Unknown node: <xmlcomment>
Warning: MyFPGenotype mutation operators: cumulative probability not equal to 1 (sum = 0.4)
Start time: Tue Jul 30 15:56:31 2019

Evaluating initial population...
Generation: 0
Elapsed time: 0
Deme: 0
Evaluations: 100
Stats: fitness
	max: 1.79769e+308
	min: 99.0795
	avg: inf
	stdev: inf

Generation: 20
Elapsed time: 0
Deme: 0
Evaluations: 2100
Stats: fitness
	max: 368.05
	min: 20.8686
	avg: 67.2397
	stdev: 73.3519

Generation: 40
Elapsed time: 1
Deme: 0
Evaluations: 4100
Stats: fitness
	max: 224.164
	min: 20.0768
	avg: 26.8774
	stdev: 28.6943

Generation: 60
Elapsed time: 1
Deme: 0
Evaluations: 6100
Stats: fitness
	max: 3175.21
	min: 20.0761
	avg: 90.1256
	stdev: 434.303

Generation: 80
Elapsed time: 2
Deme: 0
Evaluations: 8100
Stats: fitness
	max: 757.567
	min: 20.0124
	avg: 36.8884
	stdev: 81.4568

Generation: 100
Elapsed time: 2
Deme: 0
Evaluations: 10100
Stats: fitness
	max: 3103.38
	min: 20.0124
	avg: 55.9678
	stdev: 309.016

Termination: max generation reached (100)

Best of run: 
<HallOfFame size="1">
	<Individual size="1" gen="77">
		<FitnessMin value="20.0124"/>
		<FloatingPoint size="4">	1e-06	4.33701	5.51388	0.383962</FloatingPoint>
	</Individual>
</HallOfFame>



====================================== STARTING LEVENBERG-MARQUARDT ROUTINE ======================================

 Starting solution:
    1e-06  4.33701  5.51388 0.383962
 Max fun eval:     10000
 x tolerance:      1e-20
 Init funct val:   20.0124
 Iterations count: 605
 Routine status:   1

 Solution:
 1.59742358330451e-06     4.46308259244751     1.86532664771424   0.0103828018504358
 Function value at minimun: 19.3010288665466


======================================    STARTING EVOLUTIONARY ROUTINE     ======================================

-- ECF, version 1.4.2 --
Parsing configuration file: parameters.txt
Unknown node: <xmlattr>
Unknown node: <xmlcomment>
Warning: MyFPGenotype mutation operators: cumulative probability not equal to 1 (sum = 0.4)
Start time: Tue Jul 30 15:56:34 2019

Evaluating initial population...
Generation: 0
Elapsed time: 0
Deme: 0
Evaluations: 100
Stats: fitness
	max: 1.79769e+308
	min: 56.5826
	avg: inf
	stdev: inf

Generation: 20
Elapsed time: 1
Deme: 0
Evaluations: 2100
Stats: fitness
	max: 1.79769e+308
	min: 3.01287
	avg: inf
	stdev: inf

Generation: 40
Elapsed time: 2
Deme: 0
Evaluations: 4100
Stats: fitness
	max: 1.79769e+308
	min: 2.12126
	avg: inf
	stdev: inf

Generation: 60
Elapsed time: 3
Deme: 0
Evaluations: 6100
Stats: fitness
	max: 920.384
	min: 2.12126
	avg: 32.952
	stdev: 157.885

Generation: 80
Elapsed time: 4
Deme: 0
Evaluations: 8100
Stats: fitness
	max: 1.79769e+308
	min: 2.12126
	avg: inf
	stdev: inf

Generation: 100
Elapsed time: 5
Deme: 0
Evaluations: 10100
Stats: fitness
	max: 1.79769e+308
	min: 2.12126
	avg: inf
	stdev: inf

Termination: max generation reached (100)

Best of run: 
<HallOfFame size="1">
	<Individual size="1" gen="32">
		<FitnessMin value="2.12126"/>
		<FloatingPoint size="4">	0.00104046	2.17441	-0.712521	0.196154</FloatingPoint>
	</Individual>
</HallOfFame>



====================================== STARTING LEVENBERG-MARQUARDT ROUTINE ======================================

 Starting solution:
 0.00104046021655976    2.17440683946076  -0.712520985862424   0.196153964007345
 Max fun eval:     10000
 x tolerance:      1e-20
 Init funct val:   2.12126028923404
 Iterations count: 25
 Routine status:   1

 Solution:
 0.00265340836581506    2.55477366015537  -0.957064827805485  0.0385527237290963
 Function value at minimun: 1.19220577028062


======================================    STARTING EVOLUTIONARY ROUTINE     ======================================

-- ECF, version 1.4.2 --
Parsing configuration file: parameters.txt
Unknown node: <xmlattr>
Unknown node: <xmlcomment>
Warning: MyFPGenotype mutation operators: cumulative probability not equal to 1 (sum = 0.4)
Start time: Tue Jul 30 15:56:39 2019

Evaluating initial population...
Generation: 0
Elapsed time: 0
Deme: 0
Evaluations: 100
Stats: fitness
	max: 1.79769e+308
	min: 1.70324
	avg: inf
	stdev: inf

Generation: 20
Elapsed time: 1
Deme: 0
Evaluations: 2100
Stats: fitness
	max: 484.143
	min: 0.105195
	avg: 16.2325
	stdev: 78.0765

Generation: 40
Elapsed time: 1
Deme: 0
Evaluations: 4100
Stats: fitness
	max: 484.997
	min: 0.104273
	avg: 7.4042
	stdev: 51.4093

Generation: 60
Elapsed time: 2
Deme: 0
Evaluations: 6100
Stats: fitness
	max: 512.043
	min: 0.104273
	avg: 22.6813
	stdev: 86.799

Generation: 80
Elapsed time: 3
Deme: 0
Evaluations: 8100
Stats: fitness
	max: 484.458
	min: 0.104273
	avg: 20.9293
	stdev: 95.2965

Generation: 100
Elapsed time: 4
Deme: 0
Evaluations: 10100
Stats: fitness
	max: 476.2
	min: 0.104273
	avg: 16.7826
	stdev: 76.2931

Termination: max generation reached (100)

Best of run: 
<HallOfFame size="1">
	<Individual size="1" gen="22">
		<FitnessMin value="0.104273"/>
		<FloatingPoint size="4">	5.02749e-05	1.85551	15.3741	1.73589</FloatingPoint>
	</Individual>
</HallOfFame>



====================================== STARTING LEVENBERG-MARQUARDT ROUTINE ======================================

 Starting solution:
 5.02748838338418e-05     1.85551011118312     15.3740984439388     1.73589429150162
 Max fun eval:     10000
 x tolerance:      1e-20
 Init funct val:   0.104273010379875
 Iterations count: 43
 Routine status:   1

 Solution:
 0.000168380418472922     1.97352902694923     6.30219930309959     10.6064199223648
 Function value at minimun: 0.0262722334574626


======================================    STARTING EVOLUTIONARY ROUTINE     ======================================

-- ECF, version 1.4.2 --
Parsing configuration file: parameters.txt
Unknown node: <xmlattr>
Unknown node: <xmlcomment>
Warning: MyFPGenotype mutation operators: cumulative probability not equal to 1 (sum = 0.4)
Start time: Tue Jul 30 15:56:43 2019

Evaluating initial population...
Generation: 0
Elapsed time: 0
Deme: 0
Evaluations: 100
Stats: fitness
	max: 1.79769e+308
	min: 53.1309
	avg: inf
	stdev: inf

Generation: 20
Elapsed time: 1
Deme: 0
Evaluations: 2100
Stats: fitness
	max: 334.07
	min: 0.0162681
	avg: 9.86731
	stdev: 53.4916

Generation: 40
Elapsed time: 2
Deme: 0
Evaluations: 4100
Stats: fitness
	max: 329.856
	min: 0.0162664
	avg: 15.8666
	stdev: 62.0429

Generation: 60
Elapsed time: 3
Deme: 0
Evaluations: 6100
Stats: fitness
	max: 333.072
	min: 0.0162664
	avg: 9.45695
	stdev: 46.1614

Generation: 80
Elapsed time: 3
Deme: 0
Evaluations: 8100
Stats: fitness
	max: 333.083
	min: 0.0162664
	avg: 14.7293
	stdev: 58.0444

Generation: 100
Elapsed time: 4
Deme: 0
Evaluations: 10100
Stats: fitness
	max: 523.983
	min: 0.0162664
	avg: 20.8029
	stdev: 78.8382

Termination: max generation reached (100)

Best of run: 
<HallOfFame size="1">
	<Individual size="1" gen="29">
		<FitnessMin value="0.0162664"/>
		<FloatingPoint size="4">	5.3796e-05	1.55478	27.5024	2</FloatingPoint>
	</Individual>
</HallOfFame>



====================================== STARTING LEVENBERG-MARQUARDT ROUTINE ======================================

 Starting solution:
 5.37959508238342e-05     1.55477692093923      27.502371332248                    2
 Max fun eval:     10000
 x tolerance:      1e-20
 Init funct val:   0.016266350253767
 Iterations count: 44
 Routine status:   1

 Solution:
 0.000344082814380244     1.68493359748684     5.22019606150762     6.39643217185509
 Function value at minimun: 0.00147793198194565


======================================    STARTING EVOLUTIONARY ROUTINE     ======================================

-- ECF, version 1.4.2 --
Parsing configuration file: parameters.txt
Unknown node: <xmlattr>
Unknown node: <xmlcomment>
Warning: MyFPGenotype mutation operators: cumulative probability not equal to 1 (sum = 0.4)
Start time: Tue Jul 30 15:56:47 2019

Evaluating initial population...
Generation: 0
Elapsed time: 0
Deme: 0
Evaluations: 100
Stats: fitness
	max: 1.79769e+308
	min: 0.237732
	avg: inf
	stdev: inf

Generation: 20
Elapsed time: 1
Deme: 0
Evaluations: 2100
Stats: fitness
	max: 223.62
	min: 0.00092053
	avg: 7.04674
	stdev: 38.0583

Generation: 40
Elapsed time: 2
Deme: 0
Evaluations: 4100
Stats: fitness
	max: 253.019
	min: 0.000766711
	avg: 5.20187
	stdev: 35.5915

Generation: 60
Elapsed time: 3
Deme: 0
Evaluations: 6100
Stats: fitness
	max: 253.01
	min: 0.000764818
	avg: 7.29221
	stdev: 41.2751

Generation: 80
Elapsed time: 4
Deme: 0
Evaluations: 8100
Stats: fitness
	max: 253.02
	min: 0.0007648
	avg: 7.77368
	stdev: 36.099

Generation: 100
Elapsed time: 5
Deme: 0
Evaluations: 10100
Stats: fitness
	max: 253.02
	min: 0.0007648
	avg: 11.1149
	stdev: 50.2776

Termination: max generation reached (100)

Best of run: 
<HallOfFame size="1">
	<Individual size="1" gen="79">
		<FitnessMin value="0.0007648"/>
		<FloatingPoint size="4">	1e-06	2.28917	24.2792	-1.15563</FloatingPoint>
	</Individual>
</HallOfFame>



====================================== STARTING LEVENBERG-MARQUARDT ROUTINE ======================================

 Starting solution:
             1e-06  2.28916756783108  24.2792030323326 -1.15563443933595
 Max fun eval:     10000
 x tolerance:      1e-20
 Init funct val:   0.000764799724374262
 Iterations count: 42
 Routine status:   1

 Solution:
 4.50075531968054e-07     2.54589928931142     23.2900074997581    -1.53728085552874
 Function value at minimun: 0.000416961292560933


======================================    STARTING EVOLUTIONARY ROUTINE     ======================================

-- ECF, version 1.4.2 --
Parsing configuration file: parameters.txt
Unknown node: <xmlattr>
Unknown node: <xmlcomment>
Warning: MyFPGenotype mutation operators: cumulative probability not equal to 1 (sum = 0.4)
Start time: Tue Jul 30 15:56:52 2019

Evaluating initial population...
Generation: 0
Elapsed time: 0
Deme: 0
Evaluations: 100
Stats: fitness
	max: 1.79769e+308
	min: 0.00069251
	avg: inf
	stdev: inf

Generation: 20
Elapsed time: 1
Deme: 0
Evaluations: 2100
Stats: fitness
	max: 158.755
	min: 1.8971e-05
	avg: 4.10612
	stdev: 22.8087

Generation: 40
Elapsed time: 1
Deme: 0
Evaluations: 4100
Stats: fitness
	max: 153.771
	min: 1.89035e-05
	avg: 2.73738
	stdev: 18.4431

Generation: 60
Elapsed time: 2
Deme: 0
Evaluations: 6100
Stats: fitness
	max: 170.704
	min: 1.89035e-05
	avg: 2.37811
	stdev: 17.8043

Generation: 80
Elapsed time: 3
Deme: 0
Evaluations: 8100
Stats: fitness
	max: 103.914
	min: 1.89035e-05
	avg: 1.03916
	stdev: 10.3914

Generation: 100
Elapsed time: 4
Deme: 0
Evaluations: 10100
Stats: fitness
	max: 166.255
	min: 1.64683e-05
	avg: 5.39158
	stdev: 25.2171

Termination: max generation reached (100)

Best of run: 
<HallOfFame size="1">
	<Individual size="1" gen="97">
		<FitnessMin value="1.64683e-05"/>
		<FloatingPoint size="4">	0.000392302	1.48139	3.05165	2</FloatingPoint>
	</Individual>
</HallOfFame>



====================================== STARTING LEVENBERG-MARQUARDT ROUTINE ======================================

 Starting solution:
 0.000392301945939637     1.48139101115596      3.0516478254738                    2
 Max fun eval:     10000
 x tolerance:      1e-20
 Init funct val:   1.6468316525414e-05
 Iterations count: 42
 Routine status:   1

 Solution:
 0.000321884846408437     1.63580438639563     1.84820994017622     4.24035839719488
 Function value at minimun: 1.82437672010706e-06


======================================    STARTING EVOLUTIONARY ROUTINE     ======================================

-- ECF, version 1.4.2 --
Parsing configuration file: parameters.txt
Unknown node: <xmlattr>
Unknown node: <xmlcomment>
Warning: MyFPGenotype mutation operators: cumulative probability not equal to 1 (sum = 0.4)
Start time: Tue Jul 30 15:56:56 2019

Evaluating initial population...
Generation: 0
Elapsed time: 0
Deme: 0
Evaluations: 100
Stats: fitness
	max: 1.79769e+308
	min: 32.9943
	avg: inf
	stdev: inf

Generation: 20
Elapsed time: 1
Deme: 0
Evaluations: 2100
Stats: fitness
	max: 101.649
	min: 3.39783e-07
	avg: 1.82958
	stdev: 11.5753

Generation: 40
Elapsed time: 2
Deme: 0
Evaluations: 4100
Stats: fitness
	max: 72.5869
	min: 3.31286e-07
	avg: 3.38015
	stdev: 13.4786

Generation: 60
Elapsed time: 3
Deme: 0
Evaluations: 6100
Stats: fitness
	max: 54.0784
	min: 3.31286e-07
	avg: 2.59011
	stdev: 10.1969

Generation: 80
Elapsed time: 3
Deme: 0
Evaluations: 8100
Stats: fitness
	max: 99.3008
	min: 3.24358e-07
	avg: 1.96146
	stdev: 11.2005

Generation: 100
Elapsed time: 4
Deme: 0
Evaluations: 10100
Stats: fitness
	max: 144.215
	min: 3.22977e-07
	avg: 3.46721
	stdev: 19.0279

Termination: max generation reached (100)

Best of run: 
<HallOfFame size="1">
	<Individual size="1" gen="94">
		<FitnessMin value="3.22977e-07"/>
		<FloatingPoint size="4">	1.74841e-05	1.77182	10.45	0.00927219</FloatingPoint>
	</Individual>
</HallOfFame>



====================================== STARTING LEVENBERG-MARQUARDT ROUTINE ======================================

 Starting solution:
 1.74841021078099e-05     1.77181614263385     10.4500484139297  0.00927218592777401
 Max fun eval:     10000
 x tolerance:      1e-20
 Init funct val:   3.22977313931352e-07
 Iterations count: 1668
 Routine status:   5

 Solution:
 0.000193571019692525     1.75708607885285    0.112963436185796  0.00632670930014433
 Function value at minimun: 2.63153931967381e-07
 Wall time: 33.92512 s

